1642604812356	geckodriver	INFO	Listening on 127.0.0.1:53184
1642604812449	mozrunner::runner	INFO	Running command: "/Applications/Firefox.app/Contents/MacOS/firefox-bin" "--marionette" "--remote-debugging-port" "53185" "-foreground" "-no-remote" "-profile" "/var/folders/p4/rs3hmysd5tzc8_7kmyzlr3bw0000gn/T/rust_mozprofileF7KnLm"
1642604812993	Marionette	INFO	Marionette enabled
console.warn: SearchSettings: "get: No settings file exists, new profile?" (new NotFoundError("Could not open the file at /var/folders/p4/rs3hmysd5tzc8_7kmyzlr3bw0000gn/T/rust_mozprofileF7KnLm/search.json.mozlz4", (void 0)))
console.error: BackgroundUpdate: 
  _reasonsToNotScheduleUpdates: Failed to check for Maintenance Service Registry Key: [Exception... "Component returned failure code: 0x80004001 (NS_ERROR_NOT_IMPLEMENTED) [nsIUpdateProcessor.getServiceRegKeyExists]"  nsresult: "0x80004001 (NS_ERROR_NOT_IMPLEMENTED)"  location: "JS frame :: resource://gre/modules/BackgroundUpdate.jsm :: _reasonsToNotScheduleUpdates :: line 243"  data: no]
DevTools listening on ws://localhost:53185/devtools/browser/5fd9b019-4629-41f7-a332-f4da806795db
1642604815148	Marionette	INFO	Listening on port 53193
1642604815223	RemoteAgent	WARN	TLS certificate errors will be ignored for this session
1642604845756	Marionette	INFO	Stopped listening on port 53193

###!!! [Parent][RunMessage] Error: Channel closing: too late to send/recv, messages will be lost

1642604857678	geckodriver	INFO	Listening on 127.0.0.1:53265
1642604858205	mozrunner::runner	INFO	Running command: "/Applications/Firefox.app/Contents/MacOS/firefox-bin" "--marionette" "--remote-debugging-port" "53266" "-foreground" "-no-remote" "-profile" "/var/folders/p4/rs3hmysd5tzc8_7kmyzlr3bw0000gn/T/rust_mozprofilezFRx04"
1642604858651	Marionette	INFO	Marionette enabled
console.warn: SearchSettings: "get: No settings file exists, new profile?" (new NotFoundError("Could not open the file at /var/folders/p4/rs3hmysd5tzc8_7kmyzlr3bw0000gn/T/rust_mozprofilezFRx04/search.json.mozlz4", (void 0)))
console.error: BackgroundUpdate: 
  _reasonsToNotScheduleUpdates: Failed to check for Maintenance Service Registry Key: [Exception... "Component returned failure code: 0x80004001 (NS_ERROR_NOT_IMPLEMENTED) [nsIUpdateProcessor.getServiceRegKeyExists]"  nsresult: "0x80004001 (NS_ERROR_NOT_IMPLEMENTED)"  location: "JS frame :: resource://gre/modules/BackgroundUpdate.jsm :: _reasonsToNotScheduleUpdates :: line 243"  data: no]
DevTools listening on ws://localhost:53266/devtools/browser/925bb5a5-02c1-461b-9b2a-c903ebd3c996
1642604860678	Marionette	INFO	Listening on port 53274
1642604860722	RemoteAgent	WARN	TLS certificate errors will be ignored for this session
JavaScript warning: https://web.whatsapp.com/bootstrap_qr.463c81833344582ab256.js, line 59: unreachable code after return statement
JavaScript error: https://web.whatsapp.com/serviceworker.js, line 1: TypeError: Cache.put: Cache got basic response with bad status 206 while trying to add request https://web.whatsapp.com/notification_2a485d84012c106acef03b527bb54635.mp3
JavaScript error: https://web.whatsapp.com/serviceworker.js, line 1: TypeError: Cache.put: Cache got basic response with bad status 206 while trying to add request https://web.whatsapp.com/sequential-ptt-middle_7fa161964e93db72b8d00ae22189d75f.mp3
JavaScript error: https://web.whatsapp.com/serviceworker.js, line 1: TypeError: Cache.put: Cache got basic response with bad status 206 while trying to add request https://web.whatsapp.com/sequential-ptt-end_62ed28be622237546fd39f9468a76a49.mp3
1642604902717	Marionette	INFO	Stopped listening on port 53274

###!!! [Parent][RunMessage] Error: Channel closing: too late to send/recv, messages will be lost


###!!! [Parent][RunMessage] Error: Channel closing: too late to send/recv, messages will be lost


###!!! [Parent][RunMessage] Error: Channel closing: too late to send/recv, messages will be lost


###!!! [Parent][RunMessage] Error: Channel closing: too late to send/recv, messages will be lost


###!!! [Parent][RunMessage] Error: Channel closing: too late to send/recv, messages will be lost


###!!! [Parent][RunMessage] Error: Channel closing: too late to send/recv, messages will be lost


###!!! [Parent][RunMessage] Error: Channel closing: too late to send/recv, messages will be lost


###!!! [Parent][RunMessage] Error: Channel closing: too late to send/recv, messages will be lost


###!!! [Parent][RunMessage] Error: Channel closing: too late to send/recv, messages will be lost


###!!! [Parent][RunMessage] Error: Channel closing: too late to send/recv, messages will be lost


###!!! [Parent][RunMessage] Error: Channel closing: too late to send/recv, messages will be lost


###!!! [Parent][RunMessage] Error: Channel closing: too late to send/recv, messages will be lost


###!!! [Parent][RunMessage] Error: Channel closing: too late to send/recv, messages will be lost


###!!! [Parent][RunMessage] Error: Channel closing: too late to send/recv, messages will be lost


###!!! [Parent][RunMessage] Error: Channel closing: too late to send/recv, messages will be lost


###!!! [Parent][RunMessage] Error: Channel closing: too late to send/recv, messages will be lost


###!!! [Parent][RunMessage] Error: Channel closing: too late to send/recv, messages will be lost

1642604906830	geckodriver	INFO	Listening on 127.0.0.1:53369
1642604907358	mozrunner::runner	INFO	Running command: "/Applications/Firefox.app/Contents/MacOS/firefox-bin" "--marionette" "--remote-debugging-port" "53370" "-foreground" "-no-remote" "-profile" "/var/folders/p4/rs3hmysd5tzc8_7kmyzlr3bw0000gn/T/rust_mozprofilen9n5LA"
1642604907813	Marionette	INFO	Marionette enabled
console.warn: SearchSettings: "get: No settings file exists, new profile?" (new NotFoundError("Could not open the file at /var/folders/p4/rs3hmysd5tzc8_7kmyzlr3bw0000gn/T/rust_mozprofilen9n5LA/search.json.mozlz4", (void 0)))
console.error: BackgroundUpdate: 
  _reasonsToNotScheduleUpdates: Failed to check for Maintenance Service Registry Key: [Exception... "Component returned failure code: 0x80004001 (NS_ERROR_NOT_IMPLEMENTED) [nsIUpdateProcessor.getServiceRegKeyExists]"  nsresult: "0x80004001 (NS_ERROR_NOT_IMPLEMENTED)"  location: "JS frame :: resource://gre/modules/BackgroundUpdate.jsm :: _reasonsToNotScheduleUpdates :: line 243"  data: no]
DevTools listening on ws://localhost:53370/devtools/browser/0b1268f1-c71b-4eaf-b801-12bef4127a91
1642604909906	Marionette	INFO	Listening on port 53377
1642604909954	RemoteAgent	WARN	TLS certificate errors will be ignored for this session
JavaScript warning: https://web.whatsapp.com/bootstrap_qr.463c81833344582ab256.js, line 59: unreachable code after return statement
JavaScript error: https://web.whatsapp.com/serviceworker.js, line 1: TypeError: Cache.put: Cache got basic response with bad status 206 while trying to add request https://web.whatsapp.com/sequential-ptt-middle_7fa161964e93db72b8d00ae22189d75f.mp3
JavaScript error: https://web.whatsapp.com/serviceworker.js, line 1: TypeError: Cache.put: Cache got basic response with bad status 206 while trying to add request https://web.whatsapp.com/sequential-ptt-end_62ed28be622237546fd39f9468a76a49.mp3
JavaScript error: https://web.whatsapp.com/serviceworker.js, line 1: TypeError: Cache.put: Cache got basic response with bad status 206 while trying to add request https://web.whatsapp.com/notification_2a485d84012c106acef03b527bb54635.mp3
JavaScript error: https://web.whatsapp.com/, line 2: ReferenceError: elSorted is not defined
JavaScript error: https://web.whatsapp.com/, line 2: ReferenceError: elSorted is not defined
JavaScript error: https://web.whatsapp.com/, line 2: ReferenceError: elSorted is not defined
JavaScript error: https://web.whatsapp.com/, line 2: ReferenceError: elSorted is not defined
JavaScript error: https://web.whatsapp.com/, line 2: ReferenceError: elSorted is not defined
JavaScript error: https://web.whatsapp.com/, line 2: ReferenceError: elSorted is not defined
JavaScript error: https://web.whatsapp.com/, line 2: ReferenceError: elSorted is not defined
JavaScript error: https://web.whatsapp.com/, line 2: ReferenceError: elSorted is not defined
console.error: (new TypeError("container.node.targetFront is null", "resource://devtools/client/inspector/markup/markup.js", 2315))

###!!! [Parent][RunMessage] Error: Channel closing: too late to send/recv, messages will be lost


###!!! [Parent][RunMessage] Error: Channel closing: too late to send/recv, messages will be lost


###!!! [Parent][RunMessage] Error: Channel closing: too late to send/recv, messages will be lost


###!!! [Parent][RunMessage] Error: Channel closing: too late to send/recv, messages will be lost


###!!! [Parent][RunMessage] Error: Channel closing: too late to send/recv, messages will be lost


###!!! [Parent][RunMessage] Error: Channel closing: too late to send/recv, messages will be lost


###!!! [Parent][RunMessage] Error: Channel closing: too late to send/recv, messages will be lost


###!!! [Parent][RunMessage] Error: Channel closing: too late to send/recv, messages will be lost

Handler function threw an exception: [Exception... "Component returned failure code: 0x80040111 (NS_ERROR_NOT_AVAILABLE) [nsIHttpChannelInternal.remoteAddress]"  nsresult: "0x80040111 (NS_ERROR_NOT_AVAILABLE)"  location: "JS frame :: resource://devtools/server/actors/network-monitor/network-observer.js :: _onResponseHeader :: line 1069"  data: no]
Stack: _onResponseHeader@resource://devtools/server/actors/network-monitor/network-observer.js:1069:5
_dispatchActivity@resource://devtools/server/actors/network-monitor/network-observer.js:642:14
NetworkObserver.prototype.observeActivity<@resource://devtools/server/actors/network-monitor/network-observer.js:751:12
exports.makeInfallible/<@resource://devtools/shared/ThreadSafeDevToolsUtils.js:103:22
Line: 1069, column: 0
console.error: ({})
Handler function threw an exception: TypeError: undefined has no properties
Stack: _getWaitTiming@resource://devtools/server/actors/network-monitor/network-observer.js:1168:1
_setupHarTimings@resource://devtools/server/actors/network-monitor/network-observer.js:1393:28
_onTransactionClose@resource://devtools/server/actors/network-monitor/network-observer.js:1116:27
_dispatchActivity@resource://devtools/server/actors/network-monitor/network-observer.js:645:14
NetworkObserver.prototype.observeActivity<@resource://devtools/server/actors/network-monitor/network-observer.js:751:12
exports.makeInfallible/<@resource://devtools/shared/ThreadSafeDevToolsUtils.js:103:22
Line: 1168, column: 1
console.error: (new TypeError("undefined has no properties", "resource://devtools/server/actors/network-monitor/network-observer.js", 1168))
1642605248120	Marionette	INFO	Stopped listening on port 53377
JavaScript error: , line 0: NotFoundError: No such JSWindowActor 'DevToolsFrame'

###!!! [Parent][RunMessage] Error: Channel closing: too late to send/recv, messages will be lost

1642605260607	geckodriver	INFO	Listening on 127.0.0.1:53811
1642605260625	mozrunner::runner	INFO	Running command: "/Applications/Firefox.app/Contents/MacOS/firefox-bin" "--marionette" "--remote-debugging-port" "53812" "-foreground" "-no-remote" "-profile" "/var/folders/p4/rs3hmysd5tzc8_7kmyzlr3bw0000gn/T/rust_mozprofileNbAmfF"
1642605261079	Marionette	INFO	Marionette enabled
console.warn: SearchSettings: "get: No settings file exists, new profile?" (new NotFoundError("Could not open the file at /var/folders/p4/rs3hmysd5tzc8_7kmyzlr3bw0000gn/T/rust_mozprofileNbAmfF/search.json.mozlz4", (void 0)))
console.error: BackgroundUpdate: 
  _reasonsToNotScheduleUpdates: Failed to check for Maintenance Service Registry Key: [Exception... "Component returned failure code: 0x80004001 (NS_ERROR_NOT_IMPLEMENTED) [nsIUpdateProcessor.getServiceRegKeyExists]"  nsresult: "0x80004001 (NS_ERROR_NOT_IMPLEMENTED)"  location: "JS frame :: resource://gre/modules/BackgroundUpdate.jsm :: _reasonsToNotScheduleUpdates :: line 243"  data: no]
DevTools listening on ws://localhost:53812/devtools/browser/2078f8bf-a507-43b5-b720-5f75c222630c
1642605262998	Marionette	INFO	Listening on port 53817
1642605263103	RemoteAgent	WARN	TLS certificate errors will be ignored for this session
JavaScript warning: https://web.whatsapp.com/bootstrap_qr.463c81833344582ab256.js, line 59: unreachable code after return statement
JavaScript error: https://web.whatsapp.com/serviceworker.js, line 1: TypeError: Cache.put: Cache got basic response with bad status 206 while trying to add request https://web.whatsapp.com/notification_2a485d84012c106acef03b527bb54635.mp3
JavaScript error: https://web.whatsapp.com/serviceworker.js, line 1: TypeError: Cache.put: Cache got basic response with bad status 206 while trying to add request https://web.whatsapp.com/sequential-ptt-middle_7fa161964e93db72b8d00ae22189d75f.mp3
JavaScript error: https://web.whatsapp.com/serviceworker.js, line 1: TypeError: Cache.put: Cache got basic response with bad status 206 while trying to add request https://web.whatsapp.com/sequential-ptt-end_62ed28be622237546fd39f9468a76a49.mp3
JavaScript error: https://web.whatsapp.com/, line 2: ReferenceError: elSorted is not defined
JavaScript error: https://web.whatsapp.com/, line 2: ReferenceError: elSorted is not defined
JavaScript warning: https://pagead2.googlesyndication.com/bg/R1B9DkRZwcDIRZ3R9sqVqoa_rY5Qa04vEjSiPeGSXMQ.js line 1 > eval line 5686 > eval line 1 > eval, line 1: WEBGL_debug_renderer_info is deprecated in Firefox and will be removed. Please use RENDERER.
JavaScript error: , line 0: TypeError: NetworkError when attempting to fetch resource.
JavaScript error: , line 0: TypeError: NetworkError when attempting to fetch resource.
JavaScript warning: https://pagead2.googlesyndication.com/bg/R1B9DkRZwcDIRZ3R9sqVqoa_rY5Qa04vEjSiPeGSXMQ.js line 1 > eval line 4298 > eval, line 1: WEBGL_debug_renderer_info is deprecated in Firefox and will be removed. Please use RENDERER.
JavaScript warning: https://pagead2.googlesyndication.com/bg/R1B9DkRZwcDIRZ3R9sqVqoa_rY5Qa04vEjSiPeGSXMQ.js line 1 > eval line 2644 > eval, line 1: WEBGL_debug_renderer_info is deprecated in Firefox and will be removed. Please use RENDERER.
JavaScript warning: https://pagead2.googlesyndication.com/bg/R1B9DkRZwcDIRZ3R9sqVqoa_rY5Qa04vEjSiPeGSXMQ.js line 1 > eval line 5272 > eval line 1 > eval, line 1: WEBGL_debug_renderer_info is deprecated in Firefox and will be removed. Please use RENDERER.
JavaScript warning: https://pagead2.googlesyndication.com/bg/R1B9DkRZwcDIRZ3R9sqVqoa_rY5Qa04vEjSiPeGSXMQ.js line 1 > eval line 1129 > eval, line 1: WEBGL_debug_renderer_info is deprecated in Firefox and will be removed. Please use RENDERER.
JavaScript warning: https://pagead2.googlesyndication.com/bg/R1B9DkRZwcDIRZ3R9sqVqoa_rY5Qa04vEjSiPeGSXMQ.js line 1 > eval line 1353 > eval line 1 > eval, line 1: WEBGL_debug_renderer_info is deprecated in Firefox and will be removed. Please use RENDERER.
JavaScript warning: https://pixel.yabidos.com/flimpobj.js?cb=1642605386920&ver1=2.2.3&qid=83233313f553333313f513430313&rnd=otzn1aml12fk&cid=1041 line 1 > eval, line 175: WEBGL_debug_renderer_info is deprecated in Firefox and will be removed. Please use RENDERER.
JavaScript warning: https://pagead2.googlesyndication.com/bg/R1B9DkRZwcDIRZ3R9sqVqoa_rY5Qa04vEjSiPeGSXMQ.js line 1 > eval line 5976 > eval line 1 > eval, line 1: WEBGL_debug_renderer_info is deprecated in Firefox and will be removed. Please use RENDERER.
JavaScript warning: https://pagead2.googlesyndication.com/bg/R1B9DkRZwcDIRZ3R9sqVqoa_rY5Qa04vEjSiPeGSXMQ.js line 1 > eval line 7409 > eval, line 1: WEBGL_debug_renderer_info is deprecated in Firefox and will be removed. Please use RENDERER.
1642605425866	Marionette	INFO	Stopped listening on port 53817
JavaScript error: , line 0: NotFoundError: No such JSWindowActor 'DevToolsFrame'
JavaScript error: , line 0: TypeError: NetworkError when attempting to fetch resource.
JavaScript error: , line 0: TypeError: NetworkError when attempting to fetch resource.
JavaScript error: , line 0: TypeError: NetworkError when attempting to fetch resource.
JavaScript error: , line 0: TypeError: NetworkError when attempting to fetch resource.
JavaScript error: , line 0: TypeError: NetworkError when attempting to fetch resource.
JavaScript error: , line 0: TypeError: NetworkError when attempting to fetch resource.
JavaScript error: , line 0: TypeError: NetworkError when attempting to fetch resource.

###!!! [Parent][RunMessage] Error: Channel closing: too late to send/recv, messages will be lost

1642605430359	geckodriver	INFO	Listening on 127.0.0.1:54396
1642605430380	mozrunner::runner	INFO	Running command: "/Applications/Firefox.app/Contents/MacOS/firefox-bin" "--marionette" "--remote-debugging-port" "54397" "-foreground" "-no-remote" "-profile" "/var/folders/p4/rs3hmysd5tzc8_7kmyzlr3bw0000gn/T/rust_mozprofileQoDzVt"
1642605430825	Marionette	INFO	Marionette enabled
console.warn: SearchSettings: "get: No settings file exists, new profile?" (new NotFoundError("Could not open the file at /var/folders/p4/rs3hmysd5tzc8_7kmyzlr3bw0000gn/T/rust_mozprofileQoDzVt/search.json.mozlz4", (void 0)))
console.error: BackgroundUpdate: 
  _reasonsToNotScheduleUpdates: Failed to check for Maintenance Service Registry Key: [Exception... "Component returned failure code: 0x80004001 (NS_ERROR_NOT_IMPLEMENTED) [nsIUpdateProcessor.getServiceRegKeyExists]"  nsresult: "0x80004001 (NS_ERROR_NOT_IMPLEMENTED)"  location: "JS frame :: resource://gre/modules/BackgroundUpdate.jsm :: _reasonsToNotScheduleUpdates :: line 243"  data: no]
DevTools listening on ws://localhost:54397/devtools/browser/ae9bd6f1-5e7c-4297-b5f3-62443584b26b
1642605432717	Marionette	INFO	Listening on port 54402
1642605432760	RemoteAgent	WARN	TLS certificate errors will be ignored for this session
JavaScript warning: https://web.whatsapp.com/bootstrap_qr.463c81833344582ab256.js, line 59: unreachable code after return statement
JavaScript error: https://web.whatsapp.com/serviceworker.js, line 1: TypeError: Cache.put: Cache got basic response with bad status 206 while trying to add request https://web.whatsapp.com/sequential-ptt-middle_7fa161964e93db72b8d00ae22189d75f.mp3
JavaScript error: https://web.whatsapp.com/serviceworker.js, line 1: TypeError: Cache.put: Cache got basic response with bad status 206 while trying to add request https://web.whatsapp.com/sequential-ptt-end_62ed28be622237546fd39f9468a76a49.mp3
JavaScript error: https://web.whatsapp.com/serviceworker.js, line 1: TypeError: Cache.put: Cache got basic response with bad status 206 while trying to add request https://web.whatsapp.com/notification_2a485d84012c106acef03b527bb54635.mp3
JavaScript error: https://web.whatsapp.com/, line 2: ReferenceError: elSorted is not defined
Handler function threw an exception: [Exception... "Component returned failure code: 0x80040111 (NS_ERROR_NOT_AVAILABLE) [nsIHttpChannelInternal.remoteAddress]"  nsresult: "0x80040111 (NS_ERROR_NOT_AVAILABLE)"  location: "JS frame :: resource://devtools/server/actors/network-monitor/network-observer.js :: _onResponseHeader :: line 1069"  data: no]
Stack: _onResponseHeader@resource://devtools/server/actors/network-monitor/network-observer.js:1069:5
_dispatchActivity@resource://devtools/server/actors/network-monitor/network-observer.js:642:14
NetworkObserver.prototype.observeActivity<@resource://devtools/server/actors/network-monitor/network-observer.js:751:12
exports.makeInfallible/<@resource://devtools/shared/ThreadSafeDevToolsUtils.js:103:22
Line: 1069, column: 0
console.error: ({})
Handler function threw an exception: TypeError: undefined has no properties
Stack: _getWaitTiming@resource://devtools/server/actors/network-monitor/network-observer.js:1168:1
_setupHarTimings@resource://devtools/server/actors/network-monitor/network-observer.js:1393:28
_onTransactionClose@resource://devtools/server/actors/network-monitor/network-observer.js:1116:27
_dispatchActivity@resource://devtools/server/actors/network-monitor/network-observer.js:645:14
NetworkObserver.prototype.observeActivity<@resource://devtools/server/actors/network-monitor/network-observer.js:751:12
exports.makeInfallible/<@resource://devtools/shared/ThreadSafeDevToolsUtils.js:103:22
Line: 1168, column: 1
console.error: (new TypeError("undefined has no properties", "resource://devtools/server/actors/network-monitor/network-observer.js", 1168))
[Child 2091, MediaDecoderStateMachine #1] WARNING: 2a2718300 Could not set cubeb stream name.: file /builds/worker/checkouts/gecko/dom/media/AudioStream.cpp:367
[Child 2091, MediaDecoderStateMachine #1] WARNING: 2a2718300 Could not set cubeb stream name.: file /builds/worker/checkouts/gecko/dom/media/AudioStream.cpp:367
[Child 2091, MediaDecoderStateMachine #1] WARNING: 2a319d000 Could not set cubeb stream name.: file /builds/worker/checkouts/gecko/dom/media/AudioStream.cpp:367
console.error: (new TypeError("container.node.targetFront is null", "resource://devtools/client/inspector/markup/markup.js", 2315))
JavaScript error: https://web.whatsapp.com/, line 2: ReferenceError: elSorted is not defined
JavaScript error: https://web.whatsapp.com/, line 2: ReferenceError: elSorted is not defined
JavaScript error: https://web.whatsapp.com/, line 2: ReferenceError: elSorted is not defined
JavaScript error: https://web.whatsapp.com/, line 2: ReferenceError: elSorted is not defined
JavaScript error: https://web.whatsapp.com/, line 2: ReferenceError: elSorted is not defined
JavaScript error: https://web.whatsapp.com/, line 2: ReferenceError: elSorted is not defined
JavaScript error: https://web.whatsapp.com/, line 2: ReferenceError: elSorted is not defined
JavaScript error: https://web.whatsapp.com/, line 2: ReferenceError: elSorted is not defined
JavaScript error: https://web.whatsapp.com/, line 2: ReferenceError: elSorted is not defined
JavaScript error: https://web.whatsapp.com/, line 2: ReferenceError: elSorted is not defined
[Child 2091, MediaDecoderStateMachine #2] WARNING: 2a1fb7600 Could not set cubeb stream name.: file /builds/worker/checkouts/gecko/dom/media/AudioStream.cpp:367
[Child 2091, MediaDecoderStateMachine #2] WARNING: 2a1fb7600 Could not set cubeb stream name.: file /builds/worker/checkouts/gecko/dom/media/AudioStream.cpp:367
[Child 2091, MediaDecoderStateMachine #2] WARNING: 2a2719600 Could not set cubeb stream name.: file /builds/worker/checkouts/gecko/dom/media/AudioStream.cpp:367
[Child 2091, MediaDecoderStateMachine #2] WARNING: 120e74b00 Could not set cubeb stream name.: file /builds/worker/checkouts/gecko/dom/media/AudioStream.cpp:367
[Child 2091, MediaDecoderStateMachine #2] WARNING: 2a3108700 Could not set cubeb stream name.: file /builds/worker/checkouts/gecko/dom/media/AudioStream.cpp:367
JavaScript error: , line 0: NotFoundError: No such JSWindowActor 'DevToolsFrame'
Handler function threw an exception: [Exception... "Component returned failure code: 0x80040111 (NS_ERROR_NOT_AVAILABLE) [nsIHttpChannelInternal.remoteAddress]"  nsresult: "0x80040111 (NS_ERROR_NOT_AVAILABLE)"  location: "JS frame :: resource://devtools/server/actors/network-monitor/network-observer.js :: _onResponseHeader :: line 1069"  data: no]
Stack: _onResponseHeader@resource://devtools/server/actors/network-monitor/network-observer.js:1069:5
_dispatchActivity@resource://devtools/server/actors/network-monitor/network-observer.js:642:14
NetworkObserver.prototype.observeActivity<@resource://devtools/server/actors/network-monitor/network-observer.js:751:12
exports.makeInfallible/<@resource://devtools/shared/ThreadSafeDevToolsUtils.js:103:22
Line: 1069, column: 0
console.error: ({})
Handler function threw an exception: TypeError: undefined has no properties
Stack: _getWaitTiming@resource://devtools/server/actors/network-monitor/network-observer.js:1168:1
_setupHarTimings@resource://devtools/server/actors/network-monitor/network-observer.js:1393:28
_onTransactionClose@resource://devtools/server/actors/network-monitor/network-observer.js:1116:27
_dispatchActivity@resource://devtools/server/actors/network-monitor/network-observer.js:645:14
NetworkObserver.prototype.observeActivity<@resource://devtools/server/actors/network-monitor/network-observer.js:751:12
exports.makeInfallible/<@resource://devtools/shared/ThreadSafeDevToolsUtils.js:103:22
Line: 1168, column: 1
console.error: (new TypeError("undefined has no properties", "resource://devtools/server/actors/network-monitor/network-observer.js", 1168))
1642606091101	geckodriver	INFO	Listening on 127.0.0.1:54534
1642606091626	mozrunner::runner	INFO	Running command: "/Applications/Firefox.app/Contents/MacOS/firefox-bin" "--marionette" "--remote-debugging-port" "54535" "-foreground" "-no-remote" "-profile" "/var/folders/p4/rs3hmysd5tzc8_7kmyzlr3bw0000gn/T/rust_mozprofile3DRpbs"
1642606092124	Marionette	INFO	Marionette enabled
console.warn: SearchSettings: "get: No settings file exists, new profile?" (new NotFoundError("Could not open the file at /var/folders/p4/rs3hmysd5tzc8_7kmyzlr3bw0000gn/T/rust_mozprofile3DRpbs/search.json.mozlz4", (void 0)))
console.error: BackgroundUpdate: 
  _reasonsToNotScheduleUpdates: Failed to check for Maintenance Service Registry Key: [Exception... "Component returned failure code: 0x80004001 (NS_ERROR_NOT_IMPLEMENTED) [nsIUpdateProcessor.getServiceRegKeyExists]"  nsresult: "0x80004001 (NS_ERROR_NOT_IMPLEMENTED)"  location: "JS frame :: resource://gre/modules/BackgroundUpdate.jsm :: _reasonsToNotScheduleUpdates :: line 243"  data: no]
DevTools listening on ws://localhost:54535/devtools/browser/8dbf0701-8f4d-4ead-8310-175f0691aea1
1642606094132	Marionette	INFO	Listening on port 54542
1642606094221	RemoteAgent	WARN	TLS certificate errors will be ignored for this session
JavaScript warning: https://web.whatsapp.com/bootstrap_qr.463c81833344582ab256.js, line 59: unreachable code after return statement
Exiting due to channel error.
[GFX1-]: Receive IPC close with reason=AbnormalShutdown
Exiting due to channel error.
Exiting due to channel error.
[GFX1-]: Receive IPC close with reason=AbnormalShutdown
Exiting due to channel error.
1642606153360	geckodriver	INFO	Listening on 127.0.0.1:54611
1642606153377	mozrunner::runner	INFO	Running command: "/Applications/Firefox.app/Contents/MacOS/firefox-bin" "--marionette" "--remote-debugging-port" "54612" "-foreground" "-no-remote" "-profile" "/var/folders/p4/rs3hmysd5tzc8_7kmyzlr3bw0000gn/T/rust_mozprofile7rT7JT"
1642606153823	Marionette	INFO	Marionette enabled
console.warn: SearchSettings: "get: No settings file exists, new profile?" (new NotFoundError("Could not open the file at /var/folders/p4/rs3hmysd5tzc8_7kmyzlr3bw0000gn/T/rust_mozprofile7rT7JT/search.json.mozlz4", (void 0)))
console.error: BackgroundUpdate: 
  _reasonsToNotScheduleUpdates: Failed to check for Maintenance Service Registry Key: [Exception... "Component returned failure code: 0x80004001 (NS_ERROR_NOT_IMPLEMENTED) [nsIUpdateProcessor.getServiceRegKeyExists]"  nsresult: "0x80004001 (NS_ERROR_NOT_IMPLEMENTED)"  location: "JS frame :: resource://gre/modules/BackgroundUpdate.jsm :: _reasonsToNotScheduleUpdates :: line 243"  data: no]
DevTools listening on ws://localhost:54612/devtools/browser/fe901208-b542-4407-973e-a7e086c2dadb
1642606155752	Marionette	INFO	Listening on port 54617
1642606155796	RemoteAgent	WARN	TLS certificate errors will be ignored for this session
JavaScript warning: https://web.whatsapp.com/bootstrap_qr.463c81833344582ab256.js, line 59: unreachable code after return statement
JavaScript error: https://web.whatsapp.com/serviceworker.js, line 1: TypeError: Cache.put: Cache got basic response with bad status 206 while trying to add request https://web.whatsapp.com/notification_2a485d84012c106acef03b527bb54635.mp3
JavaScript error: https://web.whatsapp.com/serviceworker.js, line 1: TypeError: Cache.put: Cache got basic response with bad status 206 while trying to add request https://web.whatsapp.com/sequential-ptt-middle_7fa161964e93db72b8d00ae22189d75f.mp3
JavaScript error: https://web.whatsapp.com/serviceworker.js, line 1: TypeError: Cache.put: Cache got basic response with bad status 206 while trying to add request https://web.whatsapp.com/sequential-ptt-end_62ed28be622237546fd39f9468a76a49.mp3
JavaScript error: resource://devtools/client/framework/toolbox.js, line 2055: TypeError: currentPanel is undefined
JavaScript error: https://web.whatsapp.com/, line 2: ReferenceError: elSorted is not defined
JavaScript error: https://web.whatsapp.com/, line 2: ReferenceError: elSorted is not defined
JavaScript error: https://web.whatsapp.com/, line 2: ReferenceError: elSorted is not defined
JavaScript error: https://web.whatsapp.com/, line 2: ReferenceError: elSorted is not defined
JavaScript error: https://web.whatsapp.com/, line 2: ReferenceError: elSorted is not defined
JavaScript error: https://web.whatsapp.com/, line 2: ReferenceError: elSorted is not defined
JavaScript error: https://web.whatsapp.com/, line 2: ReferenceError: elSorted is not defined
JavaScript error: https://web.whatsapp.com/, line 2: ReferenceError: elSorted is not defined
JavaScript error: https://web.whatsapp.com/, line 2: ReferenceError: elSorted is not defined
JavaScript error: https://web.whatsapp.com/, line 2: ReferenceError: elSorted is not defined
JavaScript error: https://web.whatsapp.com/, line 2: ReferenceError: elSorted is not defined
JavaScript error: https://web.whatsapp.com/, line 2: ReferenceError: elSorted is not defined
JavaScript error: https://web.whatsapp.com/, line 2: ReferenceError: elSorted is not defined
JavaScript error: https://web.whatsapp.com/, line 2: ReferenceError: elSorted is not defined
JavaScript error: https://web.whatsapp.com/, line 2: ReferenceError: elSorted is not defined
JavaScript error: https://web.whatsapp.com/, line 2: ReferenceError: elSorted is not defined
[Child 2232, MediaDecoderStateMachine #1] WARNING: 11ec42c00 Could not set cubeb stream name.: file /builds/worker/checkouts/gecko/dom/media/AudioStream.cpp:367
[Child 2232, MediaDecoderStateMachine #1] WARNING: 11ec42c00 Could not set cubeb stream name.: file /builds/worker/checkouts/gecko/dom/media/AudioStream.cpp:367
1642606218300	Marionette	INFO	Stopped listening on port 54402
console.warn: "IGNORED REDUX ACTION:" "AUTOCOMPLETE_CLEAR"
JavaScript error: , line 0: NotFoundError: No such JSWindowActor 'DevToolsFrame'

###!!! [Parent][RunMessage] Error: Channel closing: too late to send/recv, messages will be lost

1642606219185	Marionette	INFO	Stopped listening on port 54617
console.warn: "IGNORED REDUX ACTION:" "AUTOCOMPLETE_CLEAR"
JavaScript error: , line 0: NotFoundError: No such JSWindowActor 'DevToolsFrame'

###!!! [Parent][RunMessage] Error: Channel closing: too late to send/recv, messages will be lost

1642606223392	geckodriver	INFO	Listening on 127.0.0.1:54703
1642606223422	mozrunner::runner	INFO	Running command: "/Applications/Firefox.app/Contents/MacOS/firefox-bin" "--marionette" "--remote-debugging-port" "54704" "-foreground" "-no-remote" "-profile" "/var/folders/p4/rs3hmysd5tzc8_7kmyzlr3bw0000gn/T/rust_mozprofileBFfZLA"
1642606223904	Marionette	INFO	Marionette enabled
console.warn: SearchSettings: "get: No settings file exists, new profile?" (new NotFoundError("Could not open the file at /var/folders/p4/rs3hmysd5tzc8_7kmyzlr3bw0000gn/T/rust_mozprofileBFfZLA/search.json.mozlz4", (void 0)))
console.error: BackgroundUpdate: 
  _reasonsToNotScheduleUpdates: Failed to check for Maintenance Service Registry Key: [Exception... "Component returned failure code: 0x80004001 (NS_ERROR_NOT_IMPLEMENTED) [nsIUpdateProcessor.getServiceRegKeyExists]"  nsresult: "0x80004001 (NS_ERROR_NOT_IMPLEMENTED)"  location: "JS frame :: resource://gre/modules/BackgroundUpdate.jsm :: _reasonsToNotScheduleUpdates :: line 243"  data: no]
DevTools listening on ws://localhost:54704/devtools/browser/6ff75b11-0814-49ed-aeed-f7ee8de5c6c3
1642606225950	Marionette	INFO	Listening on port 54709
1642606226006	RemoteAgent	WARN	TLS certificate errors will be ignored for this session
JavaScript warning: https://web.whatsapp.com/bootstrap_qr.463c81833344582ab256.js, line 59: unreachable code after return statement
JavaScript error: https://web.whatsapp.com/serviceworker.js, line 1: TypeError: Cache.put: Cache got basic response with bad status 206 while trying to add request https://web.whatsapp.com/notification_2a485d84012c106acef03b527bb54635.mp3
JavaScript error: https://web.whatsapp.com/serviceworker.js, line 1: TypeError: Cache.put: Cache got basic response with bad status 206 while trying to add request https://web.whatsapp.com/sequential-ptt-middle_7fa161964e93db72b8d00ae22189d75f.mp3
JavaScript error: https://web.whatsapp.com/serviceworker.js, line 1: TypeError: Cache.put: Cache got basic response with bad status 206 while trying to add request https://web.whatsapp.com/sequential-ptt-end_62ed28be622237546fd39f9468a76a49.mp3
JavaScript error: resource://devtools/client/framework/toolbox.js, line 2055: TypeError: currentPanel is undefined
[Child 2278, MediaDecoderStateMachine #1] WARNING: 1011e4d00 Could not set cubeb stream name.: file /builds/worker/checkouts/gecko/dom/media/AudioStream.cpp:367
1642606318162	Marionette	INFO	Stopped listening on port 54709
console.warn: "IGNORED REDUX ACTION:" "AUTOCOMPLETE_CLEAR"
JavaScript error: , line 0: NotFoundError: No such JSWindowActor 'DevToolsFrame'

###!!! [Parent][RunMessage] Error: Channel closing: too late to send/recv, messages will be lost

1642606321579	geckodriver	INFO	Listening on 127.0.0.1:54797
1642606321595	mozrunner::runner	INFO	Running command: "/Applications/Firefox.app/Contents/MacOS/firefox-bin" "--marionette" "--remote-debugging-port" "54798" "-foreground" "-no-remote" "-profile" "/var/folders/p4/rs3hmysd5tzc8_7kmyzlr3bw0000gn/T/rust_mozprofileytPGXk"
1642606322024	Marionette	INFO	Marionette enabled
console.warn: SearchSettings: "get: No settings file exists, new profile?" (new NotFoundError("Could not open the file at /var/folders/p4/rs3hmysd5tzc8_7kmyzlr3bw0000gn/T/rust_mozprofileytPGXk/search.json.mozlz4", (void 0)))
console.error: BackgroundUpdate: 
  _reasonsToNotScheduleUpdates: Failed to check for Maintenance Service Registry Key: [Exception... "Component returned failure code: 0x80004001 (NS_ERROR_NOT_IMPLEMENTED) [nsIUpdateProcessor.getServiceRegKeyExists]"  nsresult: "0x80004001 (NS_ERROR_NOT_IMPLEMENTED)"  location: "JS frame :: resource://gre/modules/BackgroundUpdate.jsm :: _reasonsToNotScheduleUpdates :: line 243"  data: no]
DevTools listening on ws://localhost:54798/devtools/browser/9c6ceee4-e616-47d8-b647-221dbc611ad4
1642606323815	Marionette	INFO	Listening on port 54803
1642606323902	RemoteAgent	WARN	TLS certificate errors will be ignored for this session
JavaScript warning: https://web.whatsapp.com/bootstrap_qr.463c81833344582ab256.js, line 59: unreachable code after return statement
JavaScript error: https://web.whatsapp.com/serviceworker.js, line 1: TypeError: Cache.put: Cache got basic response with bad status 206 while trying to add request https://web.whatsapp.com/sequential-ptt-end_62ed28be622237546fd39f9468a76a49.mp3
JavaScript error: https://web.whatsapp.com/serviceworker.js, line 1: TypeError: Cache.put: Cache got basic response with bad status 206 while trying to add request https://web.whatsapp.com/sequential-ptt-middle_7fa161964e93db72b8d00ae22189d75f.mp3
JavaScript error: https://web.whatsapp.com/serviceworker.js, line 1: TypeError: Cache.put: Cache got basic response with bad status 206 while trying to add request https://web.whatsapp.com/notification_2a485d84012c106acef03b527bb54635.mp3
1642606380265	geckodriver	INFO	Listening on 127.0.0.1:54885
1642606380789	mozrunner::runner	INFO	Running command: "/Applications/Firefox.app/Contents/MacOS/firefox-bin" "--marionette" "--remote-debugging-port" "54886" "-foreground" "-no-remote" "-profile" "/var/folders/p4/rs3hmysd5tzc8_7kmyzlr3bw0000gn/T/rust_mozprofilexgdf08"
1642606381239	Marionette	INFO	Marionette enabled
console.warn: SearchSettings: "get: No settings file exists, new profile?" (new NotFoundError("Could not open the file at /var/folders/p4/rs3hmysd5tzc8_7kmyzlr3bw0000gn/T/rust_mozprofilexgdf08/search.json.mozlz4", (void 0)))
console.error: BackgroundUpdate: 
  _reasonsToNotScheduleUpdates: Failed to check for Maintenance Service Registry Key: [Exception... "Component returned failure code: 0x80004001 (NS_ERROR_NOT_IMPLEMENTED) [nsIUpdateProcessor.getServiceRegKeyExists]"  nsresult: "0x80004001 (NS_ERROR_NOT_IMPLEMENTED)"  location: "JS frame :: resource://gre/modules/BackgroundUpdate.jsm :: _reasonsToNotScheduleUpdates :: line 243"  data: no]
DevTools listening on ws://localhost:54886/devtools/browser/2d5a5cb2-11ba-4cda-bb93-b04caf0db45c
1642606383171	Marionette	INFO	Listening on port 54893
1642606383288	RemoteAgent	WARN	TLS certificate errors will be ignored for this session
JavaScript warning: https://web.whatsapp.com/bootstrap_qr.463c81833344582ab256.js, line 59: unreachable code after return statement
JavaScript error: https://web.whatsapp.com/serviceworker.js, line 1: TypeError: Cache.put: Cache got basic response with bad status 206 while trying to add request https://web.whatsapp.com/sequential-ptt-middle_7fa161964e93db72b8d00ae22189d75f.mp3
JavaScript error: https://web.whatsapp.com/serviceworker.js, line 1: TypeError: Cache.put: Cache got basic response with bad status 206 while trying to add request https://web.whatsapp.com/sequential-ptt-end_62ed28be622237546fd39f9468a76a49.mp3
JavaScript error: https://web.whatsapp.com/serviceworker.js, line 1: TypeError: Cache.put: Cache got basic response with bad status 206 while trying to add request https://web.whatsapp.com/notification_2a485d84012c106acef03b527bb54635.mp3
Handler function threw an exception: [Exception... "Component returned failure code: 0x80040111 (NS_ERROR_NOT_AVAILABLE) [nsIHttpChannelInternal.remoteAddress]"  nsresult: "0x80040111 (NS_ERROR_NOT_AVAILABLE)"  location: "JS frame :: resource://devtools/server/actors/network-monitor/network-observer.js :: _onResponseHeader :: line 1069"  data: no]
Stack: _onResponseHeader@resource://devtools/server/actors/network-monitor/network-observer.js:1069:5
_dispatchActivity@resource://devtools/server/actors/network-monitor/network-observer.js:642:14
NetworkObserver.prototype.observeActivity<@resource://devtools/server/actors/network-monitor/network-observer.js:751:12
exports.makeInfallible/<@resource://devtools/shared/ThreadSafeDevToolsUtils.js:103:22
Line: 1069, column: 0
console.error: ({})
Handler function threw an exception: TypeError: undefined has no properties
Stack: _getWaitTiming@resource://devtools/server/actors/network-monitor/network-observer.js:1168:1
_setupHarTimings@resource://devtools/server/actors/network-monitor/network-observer.js:1393:28
_onTransactionClose@resource://devtools/server/actors/network-monitor/network-observer.js:1116:27
_dispatchActivity@resource://devtools/server/actors/network-monitor/network-observer.js:645:14
NetworkObserver.prototype.observeActivity<@resource://devtools/server/actors/network-monitor/network-observer.js:751:12
exports.makeInfallible/<@resource://devtools/shared/ThreadSafeDevToolsUtils.js:103:22
Line: 1168, column: 1
console.error: (new TypeError("undefined has no properties", "resource://devtools/server/actors/network-monitor/network-observer.js", 1168))
console.error: (new TypeError("browsingContext is null", "resource://devtools/server/actors/watcher/target-helpers/frame-helper.js", 182))
JavaScript error: resource://devtools/server/connectors/js-window-actor/DevToolsFrameChild.jsm, line 380: Error: Trying to destroy a target actor that doesn't exists, or has already been destroyed. Watcher Actor ID:server0.conn0.watcher2
JavaScript error: resource://devtools/server/connectors/js-window-actor/DevToolsFrameChild.jsm, line 380: Error: Trying to destroy a target actor that doesn't exists, or has already been destroyed. Watcher Actor ID:server0.conn0.watcher2
JavaScript error: resource://devtools/server/connectors/js-window-actor/DevToolsFrameChild.jsm, line 380: Error: Trying to destroy a target actor that doesn't exists, or has already been destroyed. Watcher Actor ID:server0.conn0.watcher2
JavaScript error: resource://devtools/server/connectors/js-window-actor/DevToolsFrameChild.jsm, line 380: Error: Trying to destroy a target actor that doesn't exists, or has already been destroyed. Watcher Actor ID:server0.conn0.watcher2
JavaScript error: resource://devtools/server/connectors/js-window-actor/DevToolsFrameChild.jsm, line 380: Error: Trying to destroy a target actor that doesn't exists, or has already been destroyed. Watcher Actor ID:server0.conn0.watcher2
console.error: (new TypeError("browsingContext is null", "resource://devtools/server/actors/watcher/target-helpers/frame-helper.js", 182))
JavaScript error: resource://devtools/server/connectors/js-window-actor/DevToolsFrameChild.jsm, line 380: Error: Trying to destroy a target actor that doesn't exists, or has already been destroyed. Watcher Actor ID:server0.conn0.watcher2
JavaScript error: resource://devtools/server/connectors/js-window-actor/DevToolsFrameChild.jsm, line 380: Error: Trying to destroy a target actor that doesn't exists, or has already been destroyed. Watcher Actor ID:server0.conn0.watcher2
JavaScript error: resource://devtools/server/connectors/js-window-actor/DevToolsFrameChild.jsm, line 380: Error: Trying to destroy a target actor that doesn't exists, or has already been destroyed. Watcher Actor ID:server0.conn0.watcher2
JavaScript error: resource://devtools/server/connectors/js-window-actor/DevToolsFrameChild.jsm, line 380: Error: Trying to destroy a target actor that doesn't exists, or has already been destroyed. Watcher Actor ID:server0.conn0.watcher2
JavaScript error: resource://devtools/server/connectors/js-window-actor/DevToolsFrameChild.jsm, line 380: Error: Trying to destroy a target actor that doesn't exists, or has already been destroyed. Watcher Actor ID:server0.conn0.watcher2
1642606943803	Marionette	INFO	Stopped listening on port 54893
console.warn: TopSitesFeed: Failed to fetch data from Contile server: NetworkError when attempting to fetch resource.

###!!! [Parent][RunMessage] Error: Channel closing: too late to send/recv, messages will be lost

1642606944188	Marionette	INFO	Stopped listening on port 54803
console.warn: TopSitesFeed: Failed to fetch data from Contile server: NetworkError when attempting to fetch resource.

###!!! [Parent][RunMessage] Error: Channel closing: too late to send/recv, messages will be lost

